<?xml version="1.0" encoding="UTF-8"?>
<!-- Generated by org.testng.reporters.JUnitReportReporter -->
<testsuite hostname="Zmsi" failures="0" tests="7" name="runners.TestRunner" time="20.680" errors="0" timestamp="2026-09-12T17:15:51 IST" skipped="0">
  <testcase classname="runners.TestRunner" name="runScenario" time="2.759"/>
  <testcase classname="runners.TestRunner" name="runScenario" time="2.529"/>
  <testcase classname="runners.TestRunner" name="runScenario" time="2.729"/>
  <testcase classname="runners.TestRunner" name="runScenario" time="5.654"/>
  <testcase classname="runners.TestRunner" name="runScenario" time="2.377"/>
  <testcase classname="runners.TestRunner" name="runScenario" time="2.420"/>
  <testcase classname="runners.TestRunner" name="runScenario" time="2.212"/>
</testsuite> <!-- runners.TestRunner -->
