<?xml version="1.0" encoding="UTF-8"?>
<!-- Generated by org.testng.reporters.JUnitReportReporter -->
<testsuite hostname="Zmsi" failures="0" tests="1" name="runners.TestRunner" time="11.410" errors="1" timestamp="2026-09-25T16:33:38 IST" skipped="0">
  <testcase classname="runners.TestRunner" name="runScenario" time="11.410">
    <error message="The step &#039;the user scrolls to trigger lazy loading&#039; and 2 other step(s) are undefined.
You can implement these steps using the snippet(s) below:

@When(&quot;the user scrolls to trigger lazy loading&quot;)
public void the_user_scrolls_to_trigger_lazy_loading() {
    // Write code here that turns the phrase above into concrete actions
    throw new io.cucumber.java.PendingException();
}
@Then(&quot;the test should wait until newly loaded products are available&quot;)
public void the_test_should_wait_until_newly_loaded_products_are_available() {
    // Write code here that turns the phrase above into concrete actions
    throw new io.cucumber.java.PendingException();
}
@Then(&quot;the test should not rely on unnecessary fixed delays&quot;)
public void the_test_should_not_rely_on_unnecessary_fixed_delays() {
    // Write code here that turns the phrase above into concrete actions
    throw new io.cucumber.java.PendingException();
}
" type="io.cucumber.testng.UndefinedStepException">
      <![CDATA[io.cucumber.testng.UndefinedStepException: The step 'the user scrolls to trigger lazy loading' and 2 other step(s) are undefined.
You can implement these steps using the snippet(s) below:

@When("the user scrolls to trigger lazy loading")
public void the_user_scrolls_to_trigger_lazy_loading() {
    // Write code here that turns the phrase above into concrete actions
    throw new io.cucumber.java.PendingException();
}
@Then("the test should wait until newly loaded products are available")
public void the_test_should_wait_until_newly_loaded_products_are_available() {
    // Write code here that turns the phrase above into concrete actions
    throw new io.cucumber.java.PendingException();
}
@Then("the test should not rely on unnecessary fixed delays")
public void the_test_should_not_rely_on_unnecessary_fixed_delays() {
    // Write code here that turns the phrase above into concrete actions
    throw new io.cucumber.java.PendingException();
}

at ✽.the user scrolls to trigger lazy loading(file:///D:/Automation_Project/Industry_Level_Selenium_Playwright_Project/Swag_Lab_Selenium_Cucumber/src/test/resources/features/MenuLazyLoad.feature:360)
]]>
    </error>
  </testcase> <!-- runScenario -->
</testsuite> <!-- runners.TestRunner -->
