<?xml version="1.0" encoding="UTF-8"?>
<!-- Generated by org.testng.reporters.JUnitReportReporter -->
<testsuite hostname="Zmsi" failures="0" tests="5" name="runners.TestRunner" time="27.070" errors="0" timestamp="2026-09-11T13:36:08 IST" skipped="0">
  <testcase classname="runners.TestRunner" name="runScenario" time="2.435"/>
  <testcase classname="runners.TestRunner" name="runScenario" time="7.059"/>
  <testcase classname="runners.TestRunner" name="runScenario" time="4.261"/>
  <testcase classname="runners.TestRunner" name="runScenario" time="4.554"/>
  <testcase classname="runners.TestRunner" name="runScenario" time="8.761"/>
</testsuite> <!-- runners.TestRunner -->
